; this file was generated by below command 
;  ../../dts_src/DTS   -in   input_seed15543.dts   -top   output10.tsi   
;------------------------------------------  
Integrator = MC_B
MC_Moves = 1  1  1  1  1
Initial_Step = 1
Final_Step = 100000
MinfaceAngle = -0.5
OutPutEnergy_periodic = 100
Restart_periodic = 10000
TopologyFile = output10.tsi
Seed = 15543
Kappa = 30  10
Display_periodic = 1000
CNTCELL = 2 2 2 
GeneralOutputFilename = output
Min_Max_LinkLenghtsSquare = 1  3
OutPutTRJ_TSI = 10000  10  TrjTSI  
OutPutTRJ_BTS = 0  1  dts.bts  
INCLUSION
Define 3 Inclusions 
 SRotation Type   K  KG KP KL C0 C0P C0L 
0  noinc  0    0    0    0    0    0    0  
1  Pro1  60    0    30    15    0    1    -0.3  
2  Pro2  20    0    0    0    0    0    0  
